# JRE version: OpenJDK Runtime Environment (17.0.7) (build 17.0.7+0-b2043.56-10550314)
# Java VM: OpenJDK 64-Bit Server VM (17.0.7+0-b2043.56-10550314, mixed mode, tiered, compressed oops, compressed class ptrs, g1 gc, windows-amd64)
GC Precious Log:
 CPUs: 4 total, 4 available
 Memory: 16269M
 Large Page Support: Disabled
 NUMA Support: Disabled
 Compressed Oops: Enabled (32-bit)
 Heap Region Size: 1M
 Heap Min Capacity: 8M
 Heap Initial Capacity: 256M
 Heap Max Capacity: 2G
 Pre-touch: Disabled
 Parallel Workers: 4
 Concurrent Workers: 1
 Concurrent Refinement Workers: 4
 Periodic GC: Disabled
Heap:
 garbage-first heap   total 336896K, used 150166K [0x0000000080000000, 0x0000000100000000)
  region size 1024K, 15 young (15360K), 7 survivors (7168K)
 Metaspace       used 142362K, committed 143168K, reserved 1179648K
  class space    used 18925K, committed 19328K, reserved 1048576K
GC Heap History (20 events):
Event: 40.830 GC heap before
{Heap before GC invocations=49 (full 0):
 garbage-first heap   total 336896K, used 271781K [0x0000000080000000, 0x0000000100000000)
  region size 1024K, 153 young (156672K), 2 survivors (2048K)
 Metaspace       used 133627K, committed 134400K, reserved 1179648K
  class space    used 18109K, committed 18496K, reserved 1048576K
}
Event: 40.851 GC heap after
{Heap after GC invocations=50 (full 0):
 garbage-first heap   total 336896K, used 124148K [0x0000000080000000, 0x0000000100000000)
  region size 1024K, 9 young (9216K), 9 survivors (9216K)
 Metaspace       used 133627K, committed 134400K, reserved 1179648K
  class space    used 18109K, committed 18496K, reserved 1048576K
}
Event: 247.701 GC heap before
{Heap before GC invocations=51 (full 0):
 garbage-first heap   total 336896K, used 312564K [0x0000000080000000, 0x0000000100000000)
  region size 1024K, 148 young (151552K), 9 survivors (9216K)
 Metaspace       used 140803K, committed 141696K, reserved 1179648K
  class space    used 18903K, committed 19328K, reserved 1048576K
}
Event: 247.718 GC heap after
{Heap after GC invocations=52 (full 0):
 garbage-first heap   total 336896K, used 127039K [0x0000000080000000, 0x0000000100000000)
  region size 1024K, 12 young (12288K), 12 survivors (12288K)
 Metaspace       used 140803K, committed 141696K, reserved 1179648K
  class space    used 18903K, committed 19328K, reserved 1048576K
}
Event: 247.817 GC heap before
{Heap before GC invocations=52 (full 0):
 garbage-first heap   total 336896K, used 131135K [0x0000000080000000, 0x0000000100000000)
  region size 1024K, 16 young (16384K), 12 survivors (12288K)
 Metaspace       used 140812K, committed 141696K, reserved 1179648K
  class space    used 18904K, committed 19328K, reserved 1048576K
}
Event: 247.836 GC heap after
{Heap after GC invocations=53 (full 0):
 garbage-first heap   total 336896K, used 126598K [0x0000000080000000, 0x0000000100000000)
  region size 1024K, 2 young (2048K), 2 survivors (2048K)
 Metaspace       used 140812K, committed 141696K, reserved 1179648K
  class space    used 18904K, committed 19328K, reserved 1048576K
}
Event: 248.092 GC heap before
{Heap before GC invocations=53 (full 0):
 garbage-first heap   total 336896K, used 136838K [0x0000000080000000, 0x0000000100000000)
  region size 1024K, 14 young (14336K), 2 survivors (2048K)
 Metaspace       used 140866K, committed 141760K, reserved 1179648K
  class space    used 18905K, committed 19328K, reserved 1048576K
}
Event: 248.098 GC heap after
{Heap after GC invocations=54 (full 0):
 garbage-first heap   total 336896K, used 127622K [0x0000000080000000, 0x0000000100000000)
  region size 1024K, 3 young (3072K), 3 survivors (3072K)
 Metaspace       used 140866K, committed 141760K, reserved 1179648K
  class space    used 18905K, committed 19328K, reserved 1048576K
}
Event: 251.793 GC heap before
{Heap before GC invocations=55 (full 0):
 garbage-first heap   total 336896K, used 278063K [0x0000000080000000, 0x0000000100000000)
  region size 1024K, 131 young (134144K), 3 survivors (3072K)
 Metaspace       used 141234K, committed 142080K, reserved 1179648K
  class space    used 18899K, committed 19328K, reserved 1048576K
}
Event: 251.808 GC heap after
{Heap after GC invocations=56 (full 0):
 garbage-first heap   total 336896K, used 139331K [0x0000000080000000, 0x0000000100000000)
  region size 1024K, 14 young (14336K), 14 survivors (14336K)
 Metaspace       used 141234K, committed 142080K, reserved 1179648K
  class space    used 18899K, committed 19328K, reserved 1048576K
}
Event: 251.814 GC heap before
{Heap before GC invocations=56 (full 0):
 garbage-first heap   total 336896K, used 141379K [0x0000000080000000, 0x0000000100000000)
  region size 1024K, 16 young (16384K), 14 survivors (14336K)
 Metaspace       used 141234K, committed 142080K, reserved 1179648K
  class space    used 18899K, committed 19328K, reserved 1048576K
}
Event: 251.829 GC heap after
{Heap after GC invocations=57 (full 0):
 garbage-first heap   total 336896K, used 135403K [0x0000000080000000, 0x0000000100000000)
  region size 1024K, 1 young (1024K), 1 survivors (1024K)
 Metaspace       used 141234K, committed 142080K, reserved 1179648K
  class space    used 18899K, committed 19328K, reserved 1048576K
}
Event: 252.555 GC heap before
{Heap before GC invocations=57 (full 0):
 garbage-first heap   total 336896K, used 186603K [0x0000000080000000, 0x0000000100000000)
  region size 1024K, 52 young (53248K), 1 survivors (1024K)
 Metaspace       used 141416K, committed 142272K, reserved 1179648K
  class space    used 18901K, committed 19328K, reserved 1048576K
}
Event: 252.567 GC heap after
{Heap after GC invocations=58 (full 0):
 garbage-first heap   total 336896K, used 142283K [0x0000000080000000, 0x0000000100000000)
  region size 1024K, 8 young (8192K), 8 survivors (8192K)
 Metaspace       used 141416K, committed 142272K, reserved 1179648K
  class space    used 18901K, committed 19328K, reserved 1048576K
}
Event: 257.088 GC heap before
{Heap before GC invocations=59 (full 0):
 garbage-first heap   total 336896K, used 309195K [0x0000000080000000, 0x0000000100000000)
  region size 1024K, 122 young (124928K), 8 survivors (8192K)
 Metaspace       used 142003K, committed 142784K, reserved 1179648K
  class space    used 18908K, committed 19328K, reserved 1048576K
}
Event: 257.100 GC heap after
{Heap after GC invocations=60 (full 0):
 garbage-first heap   total 336896K, used 141058K [0x0000000080000000, 0x0000000100000000)
  region size 1024K, 7 young (7168K), 7 survivors (7168K)
 Metaspace       used 142003K, committed 142784K, reserved 1179648K
  class space    used 18908K, committed 19328K, reserved 1048576K
}
Event: 268.763 GC heap before
{Heap before GC invocations=60 (full 0):
 garbage-first heap   total 336896K, used 150274K [0x0000000080000000, 0x0000000100000000)
  region size 1024K, 16 young (16384K), 7 survivors (7168K)
 Metaspace       used 142092K, committed 142976K, reserved 1179648K
  class space    used 18920K, committed 19328K, reserved 1048576K
}
Event: 268.786 GC heap after
{Heap after GC invocations=61 (full 0):
 garbage-first heap   total 336896K, used 136245K [0x0000000080000000, 0x0000000100000000)
  region size 1024K, 2 young (2048K), 2 survivors (2048K)
 Metaspace       used 142092K, committed 142976K, reserved 1179648K
  class space    used 18920K, committed 19328K, reserved 1048576K
}
Event: 270.728 GC heap before
{Heap before GC invocations=61 (full 0):
 garbage-first heap   total 336896K, used 186421K [0x0000000080000000, 0x0000000100000000)
  region size 1024K, 52 young (53248K), 2 survivors (2048K)
 Metaspace       used 142356K, committed 143168K, reserved 1179648K
  class space    used 18925K, committed 19328K, reserved 1048576K
}
Event: 270.742 GC heap after
{Heap after GC invocations=62 (full 0):
 garbage-first heap   total 336896K, used 141974K [0x0000000080000000, 0x0000000100000000)
  region size 1024K, 7 young (7168K), 7 survivors (7168K)
 Metaspace       used 142356K, committed 143168K, reserved 1179648K
  class space    used 18925K, committed 19328K, reserved 1048576K
}

