# JRE version: OpenJDK Runtime Environment (17.0.7) (build 17.0.7+0-b2043.56-10550314)
# Java VM: OpenJDK 64-Bit Server VM (17.0.7+0-b2043.56-10550314, mixed mode, tiered, compressed oops, compressed class ptrs, g1 gc, windows-amd64)
GC Precious Log:
 CPUs: 4 total, 4 available
 Memory: 16269M
 Large Page Support: Disabled
 NUMA Support: Disabled
 Compressed Oops: Enabled (32-bit)
 Heap Region Size: 1M
 Heap Min Capacity: 8M
 Heap Initial Capacity: 256M
 Heap Max Capacity: 2G
 Pre-touch: Disabled
 Parallel Workers: 4
 Concurrent Workers: 1
 Concurrent Refinement Workers: 4
 Periodic GC: Disabled
Heap:
 garbage-first heap   total 284672K, used 108968K [0x0000000080000000, 0x0000000100000000)
  region size 1024K, 6 young (6144K), 6 survivors (6144K)
 Metaspace       used 105118K, committed 105856K, reserved 1179648K
  class space    used 13969K, committed 14336K, reserved 1048576K
GC Heap History (20 events):
Event: 17.813 GC heap after
{Heap after GC invocations=43 (full 0):
 garbage-first heap   total 135168K, used 68662K [0x0000000080000000, 0x0000000100000000)
  region size 1024K, 6 young (6144K), 6 survivors (6144K)
 Metaspace       used 86327K, committed 86848K, reserved 1179648K
  class space    used 11788K, committed 12032K, reserved 1048576K
}
Event: 17.828 GC heap before
{Heap before GC invocations=43 (full 0):
 garbage-first heap   total 135168K, used 69686K [0x0000000080000000, 0x0000000100000000)
  region size 1024K, 7 young (7168K), 6 survivors (6144K)
 Metaspace       used 86434K, committed 87040K, reserved 1179648K
  class space    used 11801K, committed 12096K, reserved 1048576K
}
Event: 17.838 GC heap after
{Heap after GC invocations=44 (full 0):
 garbage-first heap   total 135168K, used 68699K [0x0000000080000000, 0x0000000100000000)
  region size 1024K, 1 young (1024K), 1 survivors (1024K)
 Metaspace       used 86434K, committed 87040K, reserved 1179648K
  class space    used 11801K, committed 12096K, reserved 1048576K
}
Event: 18.593 GC heap before
{Heap before GC invocations=44 (full 0):
 garbage-first heap   total 135168K, used 108635K [0x0000000080000000, 0x0000000100000000)
  region size 1024K, 40 young (40960K), 1 survivors (1024K)
 Metaspace       used 90513K, committed 91072K, reserved 1179648K
  class space    used 12386K, committed 12672K, reserved 1048576K
}
Event: 18.601 GC heap after
{Heap after GC invocations=45 (full 0):
 garbage-first heap   total 284672K, used 70407K [0x0000000080000000, 0x0000000100000000)
  region size 1024K, 3 young (3072K), 3 survivors (3072K)
 Metaspace       used 90513K, committed 91072K, reserved 1179648K
  class space    used 12386K, committed 12672K, reserved 1048576K
}
Event: 21.488 GC heap before
{Heap before GC invocations=46 (full 0):
 garbage-first heap   total 252928K, used 222983K [0x0000000080000000, 0x0000000100000000)
  region size 1024K, 148 young (151552K), 3 survivors (3072K)
 Metaspace       used 95681K, committed 96384K, reserved 1179648K
  class space    used 13012K, committed 13312K, reserved 1048576K
}
Event: 21.514 GC heap after
{Heap after GC invocations=47 (full 0):
 garbage-first heap   total 252928K, used 89245K [0x0000000080000000, 0x0000000100000000)
  region size 1024K, 19 young (19456K), 19 survivors (19456K)
 Metaspace       used 95681K, committed 96384K, reserved 1179648K
  class space    used 13012K, committed 13312K, reserved 1048576K
}
Event: 21.534 GC heap before
{Heap before GC invocations=47 (full 0):
 garbage-first heap   total 252928K, used 90269K [0x0000000080000000, 0x0000000100000000)
  region size 1024K, 20 young (20480K), 19 survivors (19456K)
 Metaspace       used 95690K, committed 96384K, reserved 1179648K
  class space    used 13012K, committed 13312K, reserved 1048576K
}
Event: 21.560 GC heap after
{Heap after GC invocations=48 (full 0):
 garbage-first heap   total 252928K, used 91136K [0x0000000080000000, 0x0000000100000000)
  region size 1024K, 2 young (2048K), 2 survivors (2048K)
 Metaspace       used 95690K, committed 96384K, reserved 1179648K
  class space    used 13012K, committed 13312K, reserved 1048576K
}
Event: 23.252 GC heap before
{Heap before GC invocations=48 (full 0):
 garbage-first heap   total 252928K, used 184320K [0x0000000080000000, 0x0000000100000000)
  region size 1024K, 94 young (96256K), 2 survivors (2048K)
 Metaspace       used 96793K, committed 97536K, reserved 1179648K
  class space    used 13096K, committed 13440K, reserved 1048576K
}
Event: 23.265 GC heap after
{Heap after GC invocations=49 (full 0):
 garbage-first heap   total 252928K, used 97467K [0x0000000080000000, 0x0000000100000000)
  region size 1024K, 9 young (9216K), 9 survivors (9216K)
 Metaspace       used 96793K, committed 97536K, reserved 1179648K
  class space    used 13096K, committed 13440K, reserved 1048576K
}
Event: 25.027 GC heap before
{Heap before GC invocations=49 (full 0):
 garbage-first heap   total 252928K, used 206011K [0x0000000080000000, 0x0000000100000000)
  region size 1024K, 88 young (90112K), 9 survivors (9216K)
 Metaspace       used 99497K, committed 100224K, reserved 1179648K
  class space    used 13465K, committed 13824K, reserved 1048576K
}
Event: 25.045 GC heap after
{Heap after GC invocations=50 (full 0):
 garbage-first heap   total 252928K, used 109975K [0x0000000080000000, 0x0000000100000000)
  region size 1024K, 8 young (8192K), 8 survivors (8192K)
 Metaspace       used 99497K, committed 100224K, reserved 1179648K
  class space    used 13465K, committed 13824K, reserved 1048576K
}
Event: 25.132 GC heap before
{Heap before GC invocations=50 (full 0):
 garbage-first heap   total 252928K, used 134551K [0x0000000080000000, 0x0000000100000000)
  region size 1024K, 9 young (9216K), 8 survivors (8192K)
 Metaspace       used 99497K, committed 100224K, reserved 1179648K
  class space    used 13465K, committed 13824K, reserved 1048576K
}
Event: 25.143 GC heap after
{Heap after GC invocations=51 (full 0):
 garbage-first heap   total 252928K, used 110880K [0x0000000080000000, 0x0000000100000000)
  region size 1024K, 1 young (1024K), 1 survivors (1024K)
 Metaspace       used 99497K, committed 100224K, reserved 1179648K
  class space    used 13465K, committed 13824K, reserved 1048576K
}
Event: 25.154 GC heap before
{Heap before GC invocations=51 (full 0):
 garbage-first heap   total 252928K, used 119072K [0x0000000080000000, 0x0000000100000000)
  region size 1024K, 2 young (2048K), 1 survivors (1024K)
 Metaspace       used 99497K, committed 100224K, reserved 1179648K
  class space    used 13465K, committed 13824K, reserved 1048576K
}
Event: 25.156 GC heap after
{Heap after GC invocations=52 (full 0):
 garbage-first heap   total 252928K, used 110127K [0x0000000080000000, 0x0000000100000000)
  region size 1024K, 1 young (1024K), 1 survivors (1024K)
 Metaspace       used 99497K, committed 100224K, reserved 1179648K
  class space    used 13465K, committed 13824K, reserved 1048576K
}
Event: 25.165 GC heap before
{Heap before GC invocations=52 (full 0):
 garbage-first heap   total 252928K, used 116271K [0x0000000080000000, 0x0000000100000000)
  region size 1024K, 2 young (2048K), 1 survivors (1024K)
 Metaspace       used 99497K, committed 100224K, reserved 1179648K
  class space    used 13465K, committed 13824K, reserved 1048576K
}
Event: 25.167 GC heap after
{Heap after GC invocations=53 (full 0):
 garbage-first heap   total 252928K, used 109923K [0x0000000080000000, 0x0000000100000000)
  region size 1024K, 1 young (1024K), 1 survivors (1024K)
 Metaspace       used 99497K, committed 100224K, reserved 1179648K
  class space    used 13465K, committed 13824K, reserved 1048576K
}
Event: 487.069 GC heap before
{Heap before GC invocations=53 (full 0):
 garbage-first heap   total 252928K, used 212323K [0x0000000080000000, 0x0000000100000000)
  region size 1024K, 100 young (102400K), 1 survivors (1024K)
 Metaspace       used 105118K, committed 105856K, reserved 1179648K
  class space    used 13969K, committed 14336K, reserved 1048576K
}

